INFO:kafka.conn:<BrokerConnection node_id=bootstrap-0 host=localhost:9092 <connecting> [IPv6 ('::1', 9092, 0, 0)]>: connecting to localhost:9092 [('::1', 9092, 0, 0) IPv6]
INFO:kafka.conn:Probing node bootstrap-0 broker version
INFO:kafka.conn:<BrokerConnection node_id=bootstrap-0 host=localhost:9092 <connecting> [IPv6 ('::1', 9092, 0, 0)]>: Connection complete.
ERROR:kafka.conn:<BrokerConnection node_id=bootstrap-0 host=localhost:9092 <connected> [IPv6 ('::1', 9092, 0, 0)]>: socket disconnected
ERROR:kafka.conn:<BrokerConnection node_id=bootstrap-0 host=localhost:9092 <connected> [IPv6 ('::1', 9092, 0, 0)]>: Closing connection. KafkaConnectionError: socket disconnected
INFO:kafka.conn:Broker is not v(0, 10) -- it did not recognize ApiVersionRequest_v0
INFO:kafka.conn:<BrokerConnection node_id=bootstrap-0 host=localhost:9092 <connecting> [IPv6 ('::1', 9092, 0, 0)]>: connecting to localhost:9092 [('::1', 9092, 0, 0) IPv6]
INFO:kafka.conn:<BrokerConnection node_id=bootstrap-0 host=localhost:9092 <connecting> [IPv6 ('::1', 9092, 0, 0)]>: Connection complete.
ERROR:kafka.conn:<BrokerConnection node_id=bootstrap-0 host=localhost:9092 <connected> [IPv6 ('::1', 9092, 0, 0)]>: socket disconnected
ERROR:kafka.conn:<BrokerConnection node_id=bootstrap-0 host=localhost:9092 <connected> [IPv6 ('::1', 9092, 0, 0)]>: Closing connection. KafkaConnectionError: socket disconnected
INFO:kafka.conn:Broker is not v(0, 9) -- it did not recognize ListGroupsRequest_v0
INFO:kafka.conn:<BrokerConnection node_id=bootstrap-0 host=localhost:9092 <connecting> [IPv6 ('::1', 9092, 0, 0)]>: connecting to localhost:9092 [('::1', 9092, 0, 0) IPv6]
INFO:kafka.conn:<BrokerConnection node_id=bootstrap-0 host=localhost:9092 <connecting> [IPv6 ('::1', 9092, 0, 0)]>: Connection complete.
ERROR:kafka.conn:<BrokerConnection node_id=bootstrap-0 host=localhost:9092 <connected> [IPv6 ('::1', 9092, 0, 0)]>: socket disconnected
ERROR:kafka.conn:<BrokerConnection node_id=bootstrap-0 host=localhost:9092 <connected> [IPv6 ('::1', 9092, 0, 0)]>: Closing connection. KafkaConnectionError: socket disconnected
INFO:kafka.conn:Broker is not v(0, 8, 2) -- it did not recognize GroupCoordinatorRequest_v0
INFO:kafka.conn:<BrokerConnection node_id=bootstrap-0 host=localhost:9092 <connecting> [IPv6 ('::1', 9092, 0, 0)]>: connecting to localhost:9092 [('::1', 9092, 0, 0) IPv6]
INFO:kafka.conn:<BrokerConnection node_id=bootstrap-0 host=localhost:9092 <connecting> [IPv6 ('::1', 9092, 0, 0)]>: Connection complete.
ERROR:kafka.conn:<BrokerConnection node_id=bootstrap-0 host=localhost:9092 <connected> [IPv6 ('::1', 9092, 0, 0)]>: socket disconnected
ERROR:kafka.conn:<BrokerConnection node_id=bootstrap-0 host=localhost:9092 <connected> [IPv6 ('::1', 9092, 0, 0)]>: Closing connection. KafkaConnectionError: socket disconnected
INFO:kafka.conn:Broker is not v(0, 8, 1) -- it did not recognize OffsetFetchRequest_v0
INFO:kafka.conn:<BrokerConnection node_id=bootstrap-0 host=localhost:9092 <connecting> [IPv6 ('::1', 9092, 0, 0)]>: connecting to localhost:9092 [('::1', 9092, 0, 0) IPv6]
INFO:kafka.conn:<BrokerConnection node_id=bootstrap-0 host=localhost:9092 <connecting> [IPv6 ('::1', 9092, 0, 0)]>: Connection complete.
ERROR:kafka.conn:<BrokerConnection node_id=bootstrap-0 host=localhost:9092 <connected> [IPv6 ('::1', 9092, 0, 0)]>: socket disconnected
ERROR:kafka.conn:<BrokerConnection node_id=bootstrap-0 host=localhost:9092 <connected> [IPv6 ('::1', 9092, 0, 0)]>: Closing connection. KafkaConnectionError: socket disconnected
INFO:kafka.conn:Broker is not v(0, 8, 0) -- it did not recognize MetadataRequest_v0
Traceback (most recent call last):
  File "/Users/oliverfrance/Documents/repos/real_time_streaming_pipeline/publisher.py", line 106, in <module>
    producer = create_producer(bootstrap_servers)
               ^^^^^^^^^^^^^^^^^^^^^^^^^^^^^^^^^^
  File "/Users/oliverfrance/Documents/repos/real_time_streaming_pipeline/publisher.py", line 66, in create_producer
    return KafkaProducer(
           ^^^^^^^^^^^^^^
  File "/Users/oliverfrance/Documents/repos/real_time_streaming_pipeline/venv/lib/python3.11/site-packages/kafka/producer/kafka.py", line 383, in __init__
    client = self.config['kafka_client'](
             ^^^^^^^^^^^^^^^^^^^^^^^^^^^^
  File "/Users/oliverfrance/Documents/repos/real_time_streaming_pipeline/venv/lib/python3.11/site-packages/kafka/client_async.py", line 234, in __init__
    self.config['api_version'] = self.check_version(timeout=check_timeout)
                                 ^^^^^^^^^^^^^^^^^^^^^^^^^^^^^^^^^^^^^^^^^
  File "/Users/oliverfrance/Documents/repos/real_time_streaming_pipeline/venv/lib/python3.11/site-packages/kafka/client_async.py", line 911, in check_version
    version = conn.check_version(timeout=remaining, strict=strict, topics=list(self.config['bootstrap_topics_filter']))
              ^^^^^^^^^^^^^^^^^^^^^^^^^^^^^^^^^^^^^^^^^^^^^^^^^^^^^^^^^^^^^^^^^^^^^^^^^^^^^^^^^^^^^^^^^^^^^^^^^^^^^^^^^
  File "/Users/oliverfrance/Documents/repos/real_time_streaming_pipeline/venv/lib/python3.11/site-packages/kafka/conn.py", line 1046, in check_version
    raise Errors.UnrecognizedBrokerVersion()
kafka.errors.UnrecognizedBrokerVersion: UnrecognizedBrokerVersion
